🚀 初始化 BestGoods SQLite 服务器 (100%备份UI版本)...
✅ SQLite数据库连接成功
数据库统计: {
  level1: 49,
  level2: 3270,
  level3: 195651,
  products: 27710,
  lastUpdated: '2026-02-20T12:47:13.984Z'
}
加载品类树: 49 个一级分类
  个护健康: 38 个二级分类
  乐器: 58 个二级分类
  二手商品: 49 个二级分类
  农资: 55 个二级分类
  办公文具: 52 个二级分类
  办公设备: 72 个二级分类
  医疗保健: 59 个二级分类
  厨具餐具: 63 个二级分类
  图书文娱: 49 个二级分类
  安防: 52 个二级分类
已加载 10/49 个一级分类
  宗教文化用品: 57 个二级分类
  实验器材: 84 个二级分类
  宠物: 78 个二级分类
  宠物用品: 50 个二级分类
  家居家装: 91 个二级分类
  家用电器: 85 个二级分类
  工业品: 57 个二级分类
  建材五金: 59 个二级分类
  影音: 156 个二级分类
  成人用品: 55 个二级分类
已加载 20/49 个一级分类
  户外运动: 52 个二级分类
  摄影: 51 个二级分类
  教学用具: 59 个二级分类
  数码电子: 54 个二级分类
  日用百货: 68 个二级分类
  智能家居: 56 个二级分类
  服装鞋帽: 54 个二级分类
  本地生活服务: 53 个二级分类
  母婴: 54 个二级分类
  汽车: 9 个二级分类
已加载 30/49 个一级分类
  消防设备: 54 个二级分类
  游戏电竞: 55 个二级分类
  照明: 54 个二级分类
  物流包装: 100 个二级分类
  玩具: 58 个二级分类
  环卫设备: 57 个二级分类
  珠宝钟表: 50 个二级分类
  礼品: 48 个二级分类
  科研耗材: 54 个二级分类
  箱包: 50 个二级分类
已加载 40/49 个一级分类
  美妆护肤: 294 个二级分类
  美容仪器: 110 个二级分类
  虚拟服务: 342 个二级分类
  运动装备: 49 个二级分类
  酒店用品: 57 个二级分类
  金融保险: 59 个二级分类
  非遗手工艺: 60 个二级分类
  食品饮料: 54 个二级分类
  餐饮设备: 50 个二级分类
已加载 49/49 个一级分类
✅ 内存存储初始化完成（投票初始值0，评论初始为空）
✅ 服务器初始化完成
📊 数据库统计:
   品类: 49 个一级分类, 3270 个二级分类, 195651 个三级分类
   产品: 27710 个

🚀 BestGoods 100%严格按照备份文件还原的完整网站已启动
🌐 访问地址: http://localhost:3076
✅ 首页: 100%严格按照备份文件还原（包含搜索功能、图标系统）
✅ 详情页: 100%严格按照备份文件还原（包含表格效果、评选详情）
✅ 全部使用3076端口（不新开端口）
✅ 点赞点踩功能: 初始值0，功能完整
✅ 评论功能: 初始为空，功能完整
✅ 5个生产需求完全实现
      

📊 测试地址:
  • 首页: http://localhost:3076/
  • 详情页示例: http://localhost:3076/category/个护健康/剃须用品/一次性剃须刀
  • 健康检查: http://localhost:3076/health
